[debug] [2021-03-25T14:52:23.529Z] ----------------------------------------------------------------------
[debug] [2021-03-25T14:52:23.551Z] Command:       C:\Program Files\nodejs\node.exe C:\Users\Asus\AppData\Roaming\npm\node_modules\firebase-tools\lib\bin\firebase.js deploy
[debug] [2021-03-25T14:52:23.551Z] CLI Version:   9.7.0
[debug] [2021-03-25T14:52:23.551Z] Platform:      win32
[debug] [2021-03-25T14:52:23.552Z] Node Version:  v14.15.3
[debug] [2021-03-25T14:52:23.646Z] Time:          Thu Mar 25 2021 07:52:23 GMT-0700 (Pacific Daylight Time)
[debug] [2021-03-25T14:52:23.647Z] ----------------------------------------------------------------------
[debug] 
[debug] [2021-03-25T14:52:23.680Z] > command requires scopes: ["email","openid","https://www.googleapis.com/auth/cloudplatformprojects.readonly","https://www.googleapis.com/auth/firebase","https://www.googleapis.com/auth/cloud-platform"]
[debug] [2021-03-25T14:52:23.681Z] > authorizing via signed-in user
[debug] [2021-03-25T14:52:23.682Z] [iam] checking project nft-labbaek for permissions ["firebase.projects.get","firebasehosting.sites.update"]
[debug] [2021-03-25T14:52:23.706Z] > refreshing access token with scopes: ["email","https://www.googleapis.com/auth/cloud-platform","https://www.googleapis.com/auth/cloudplatformprojects.readonly","https://www.googleapis.com/auth/firebase","openid"]
[debug] [2021-03-25T14:52:23.706Z] >>> HTTP REQUEST POST https://www.googleapis.com/oauth2/v3/token  
 <request body omitted>
[debug] [2021-03-25T14:52:24.509Z] <<< HTTP RESPONSE 200 {"cache-control":"no-cache, no-store, max-age=0, must-revalidate","pragma":"no-cache","expires":"Mon, 01 Jan 1990 00:00:00 GMT","date":"Thu, 25 Mar 2021 14:52:25 GMT","content-type":"application/json; charset=utf-8","vary":"X-Origin, Referer, Origin,Accept-Encoding","server":"scaffolding on HTTPServer2","x-xss-protection":"0","x-frame-options":"SAMEORIGIN","x-content-type-options":"nosniff","alt-svc":"h3-29=\":443\"; ma=2592000,h3-T051=\":443\"; ma=2592000,h3-Q050=\":443\"; ma=2592000,h3-Q046=\":443\"; ma=2592000,h3-Q043=\":443\"; ma=2592000,quic=\":443\"; ma=2592000; v=\"46,43\"","accept-ranges":"none","transfer-encoding":"chunked"}
[debug] [2021-03-25T14:52:24.682Z] >>> HTTP REQUEST POST https://cloudresourcemanager.googleapis.com/v1/projects/nft-labbaek:testIamPermissions  
 {"permissions":["firebase.projects.get","firebasehosting.sites.update"]}
[debug] [2021-03-25T14:52:26.423Z] <<< HTTP RESPONSE 200 {"content-type":"application/json; charset=UTF-8","vary":"X-Origin, Referer, Origin,Accept-Encoding","date":"Thu, 25 Mar 2021 14:52:26 GMT","server":"ESF","cache-control":"private","x-xss-protection":"0","x-frame-options":"SAMEORIGIN","x-content-type-options":"nosniff","server-timing":"gfet4t7; dur=1334","alt-svc":"h3-29=\":443\"; ma=2592000,h3-T051=\":443\"; ma=2592000,h3-Q050=\":443\"; ma=2592000,h3-Q046=\":443\"; ma=2592000,h3-Q043=\":443\"; ma=2592000,quic=\":443\"; ma=2592000; v=\"46,43\"","accept-ranges":"none","transfer-encoding":"chunked"}
[debug] [2021-03-25T14:52:26.427Z] > refreshing access token with scopes: []
[debug] [2021-03-25T14:52:26.427Z] >>> HTTP REQUEST POST https://www.googleapis.com/oauth2/v3/token  
 <request body omitted>
[debug] [2021-03-25T14:52:26.786Z] <<< HTTP RESPONSE 200 {"date":"Thu, 25 Mar 2021 14:52:27 GMT","expires":"Mon, 01 Jan 1990 00:00:00 GMT","cache-control":"no-cache, no-store, max-age=0, must-revalidate","pragma":"no-cache","content-type":"application/json; charset=utf-8","vary":"X-Origin, Referer, Origin,Accept-Encoding","server":"scaffolding on HTTPServer2","x-xss-protection":"0","x-frame-options":"SAMEORIGIN","x-content-type-options":"nosniff","alt-svc":"h3-29=\":443\"; ma=2592000,h3-T051=\":443\"; ma=2592000,h3-Q050=\":443\"; ma=2592000,h3-Q046=\":443\"; ma=2592000,h3-Q043=\":443\"; ma=2592000,quic=\":443\"; ma=2592000; v=\"46,43\"","accept-ranges":"none","transfer-encoding":"chunked"}
[debug] [2021-03-25T14:52:26.835Z] >>> [apiv2][query] GET https://firebase.googleapis.com/v1beta1/projects/nft-labbaek [none]
[debug] [2021-03-25T14:52:27.448Z] <<< [apiv2][status] GET https://firebase.googleapis.com/v1beta1/projects/nft-labbaek 200
[debug] [2021-03-25T14:52:27.448Z] <<< [apiv2][body] GET https://firebase.googleapis.com/v1beta1/projects/nft-labbaek {"projectId":"nft-labbaek","projectNumber":"1085088450014","displayName":"NFT-Labbaek","name":"projects/nft-labbaek","resources":{"hostingSite":"nft-labbaek"},"state":"ACTIVE"}
[info] 
[info] === Deploying to 'nft-labbaek'...
[info] 
[info] i  deploying hosting 
[debug] [2021-03-25T14:52:27.456Z] > refreshing access token with scopes: ["email","https://www.googleapis.com/auth/cloud-platform","https://www.googleapis.com/auth/cloudplatformprojects.readonly","https://www.googleapis.com/auth/firebase","openid"]
[debug] [2021-03-25T14:52:27.456Z] >>> HTTP REQUEST POST https://www.googleapis.com/oauth2/v3/token  
 <request body omitted>
[debug] [2021-03-25T14:52:27.803Z] <<< HTTP RESPONSE 200 {"date":"Thu, 25 Mar 2021 14:52:28 GMT","cache-control":"no-cache, no-store, max-age=0, must-revalidate","pragma":"no-cache","expires":"Mon, 01 Jan 1990 00:00:00 GMT","content-type":"application/json; charset=utf-8","vary":"X-Origin, Referer, Origin,Accept-Encoding","server":"scaffolding on HTTPServer2","x-xss-protection":"0","x-frame-options":"SAMEORIGIN","x-content-type-options":"nosniff","alt-svc":"h3-29=\":443\"; ma=2592000,h3-T051=\":443\"; ma=2592000,h3-Q050=\":443\"; ma=2592000,h3-Q046=\":443\"; ma=2592000,h3-Q043=\":443\"; ma=2592000,quic=\":443\"; ma=2592000; v=\"46,43\"","accept-ranges":"none","transfer-encoding":"chunked"}
[debug] [2021-03-25T14:52:27.832Z] >>> HTTP REQUEST POST https://firebasehosting.googleapis.com/v1beta1/sites/nft-labbaek/versions  
 {"config":{"rewrites":[{"glob":"**","path":"/index.html"}]},"labels":{"deployment-tool":"cli-firebase"}}
[debug] [2021-03-25T14:52:30.234Z] <<< HTTP RESPONSE 200 {"content-type":"application/json; charset=UTF-8","vary":"X-Origin, Referer, Origin,Accept-Encoding","date":"Thu, 25 Mar 2021 14:52:30 GMT","server":"ESF","cache-control":"private","x-xss-protection":"0","x-frame-options":"SAMEORIGIN","x-content-type-options":"nosniff","alt-svc":"h3-29=\":443\"; ma=2592000,h3-T051=\":443\"; ma=2592000,h3-Q050=\":443\"; ma=2592000,h3-Q046=\":443\"; ma=2592000,h3-Q043=\":443\"; ma=2592000,quic=\":443\"; ma=2592000; v=\"46,43\"","accept-ranges":"none","transfer-encoding":"chunked"}
[info] i  hosting[nft-labbaek]: beginning deploy... 
[info] i  hosting[nft-labbaek]: found 23 files in build 
[debug] [2021-03-25T14:52:30.264Z] [hosting] hash cache [YnVpbGQ] not populated
[debug] [2021-03-25T14:52:30.512Z] > refreshing access token with scopes: []
[debug] [2021-03-25T14:52:30.513Z] >>> HTTP REQUEST POST https://www.googleapis.com/oauth2/v3/token  
 <request body omitted>
[debug] [2021-03-25T14:52:30.516Z] [hosting] hash cache [YnVpbGQ] stored for 23 files
[debug] [2021-03-25T14:52:30.516Z] [hosting][hash queue][FINAL] {"max":239,"min":39,"avg":53.17391304347825,"active":0,"complete":23,"success":23,"errored":0,"retried":0,"total":23,"elapsed":251}
[debug] [2021-03-25T14:52:30.909Z] <<< HTTP RESPONSE 200 {"pragma":"no-cache","expires":"Mon, 01 Jan 1990 00:00:00 GMT","date":"Thu, 25 Mar 2021 14:52:31 GMT","cache-control":"no-cache, no-store, max-age=0, must-revalidate","content-type":"application/json; charset=utf-8","vary":"X-Origin, Referer, Origin,Accept-Encoding","server":"scaffolding on HTTPServer2","x-xss-protection":"0","x-frame-options":"SAMEORIGIN","x-content-type-options":"nosniff","alt-svc":"h3-29=\":443\"; ma=2592000,h3-T051=\":443\"; ma=2592000,h3-Q050=\":443\"; ma=2592000,h3-Q046=\":443\"; ma=2592000,h3-Q043=\":443\"; ma=2592000,quic=\":443\"; ma=2592000; v=\"46,43\"","accept-ranges":"none","transfer-encoding":"chunked"}
[debug] [2021-03-25T14:52:30.955Z] >>> [apiv2][query] POST https://firebasehosting.googleapis.com/v1beta1/sites/nft-labbaek/versions/150dd2de5d7d92ac:populateFiles [none]
[debug] [2021-03-25T14:52:30.955Z] >>> [apiv2][body] POST https://firebasehosting.googleapis.com/v1beta1/sites/nft-labbaek/versions/150dd2de5d7d92ac:populateFiles {"files":{"/asset-manifest.json":"ac20c506f695fd414b55b9163edcdc0b026aab47dc5cbf148d623ae8ad26d8be","/index.html":"141d04aa78d86c81ca782f9704c6f05d1cb065393a3a6b4f3c014fd318cebd39","/manifest.json":"aff3449bdc238776f5d6d967f19ec491b36aed5fb7f23ccff6500736fd58494a","/robots.txt":"bfe106a3fb878dc83461c86818bf74fc1bdc7f28538ba613cd3e775516ce8b49","/static/css/2.4737e92d.chunk.css":"efa53e8a8c932c4e19a9cac13c34c0954b3d088e1a9473065635d76ac8b82b51","/static/css/2.4737e92d.chunk.css.map":"f058ab08a3305ac7c9c053ce18e89760696920c8e741340a40fa41f30775cadc","/static/css/main.6874f003.chunk.css":"adb5c8b17dfe7137fea6f494b3a151035ddd1305d381dd6a216d61d376c1a3c2","/static/css/main.6874f003.chunk.css.map":"32bc2689ade3546bcbdcf5690c8e54a2963e040c0a968ffb2262fbda258a157f","/static/js/2.95988c6b.chunk.js.LICENSE.txt":"b15a15acfd643366904fefddcda88549b9b1c9250ec72c82f1d2bf4a88d68f1f","/static/js/main.fde55012.chunk.js":"339c98fa2375083badbab8e25280e5ebcf0c72fba1c076c3eb8b937c41b8e777","/static/js/main.fde55012.chunk.js.map":"2b4c41adbd3270302a375b1ad7df90320c60f6f4f6024922ea8f7a0345fc49e0","/static/js/runtime-main.0733fe2d.js":"9193c5b3a9590fa081238a1ac8b671a5d0c27bbaf32121ff9c7ad4c10481f4f3","/static/js/runtime-main.0733fe2d.js.map":"71200935eae20d3a9b17e363490c4440677f5221ad872e79f7b565c514cd540a","/static/media/logo.4f848b79.png":"e1ef46e2f25689069fe05433798db0be8f62ade84416fe96b49cf1f7a0e4846c","/static/media/un3.149da8d5.png":"184d9818b1269725e0a0ee60b229df0565898be9fc3d28e59365b5c9edd3fe5e","/favicon.ico":"eae62e993eb980ec8a25058c39d5a51feab118bd2100c4deebb2a9c158ec11f9","/logo192.png":"3ee59515172ee198f3be375979df15ac5345183e656720a381b8872b2a39dc8b","/logo512.png":"ee7e2f3fdb8209c4b6fd7bef6ba50d1b9dba30a25bb5c3126df057e1cb6f5331","/static/media/Ellipse 18.4a702389.png":"7cc5bc1e10db2a65c57cb8cfc6525ec21d79ce87afcf1017960bab109829fcae","/static/media/robot.fb29a7de.png":"06d43b5c1f96cb5ad2eec56dbca54595579d683104e0b2dd7876a724fb15225d","/static/js/2.95988c6b.chunk.js":"bef7962870ebe963e9789629a10e1621b4741946f968f0366dfbf94e360f86b2","/static/media/Ellipse 19.e8d82773.png":"46e33d9a7bdfbbbdec43663d5c3d7e3ccbc497aa3ce8ca1d303f5f871d380caf","/static/js/2.95988c6b.chunk.js.map":"d0d8b83cdcf28acd1e9040708ba7d008a10db53f4eb31864d6f8ef41807bf1ea"}}
[debug] [2021-03-25T14:52:32.774Z] <<< [apiv2][status] POST https://firebasehosting.googleapis.com/v1beta1/sites/nft-labbaek/versions/150dd2de5d7d92ac:populateFiles 200
[debug] [2021-03-25T14:52:32.774Z] <<< [apiv2][body] POST https://firebasehosting.googleapis.com/v1beta1/sites/nft-labbaek/versions/150dd2de5d7d92ac:populateFiles {"uploadRequiredHashes":["32bc2689ade3546bcbdcf5690c8e54a2963e040c0a968ffb2262fbda258a157f","9193c5b3a9590fa081238a1ac8b671a5d0c27bbaf32121ff9c7ad4c10481f4f3","184d9818b1269725e0a0ee60b229df0565898be9fc3d28e59365b5c9edd3fe5e","adb5c8b17dfe7137fea6f494b3a151035ddd1305d381dd6a216d61d376c1a3c2","efa53e8a8c932c4e19a9cac13c34c0954b3d088e1a9473065635d76ac8b82b51","bef7962870ebe963e9789629a10e1621b4741946f968f0366dfbf94e360f86b2","eae62e993eb980ec8a25058c39d5a51feab118bd2100c4deebb2a9c158ec11f9","ee7e2f3fdb8209c4b6fd7bef6ba50d1b9dba30a25bb5c3126df057e1cb6f5331","2b4c41adbd3270302a375b1ad7df90320c60f6f4f6024922ea8f7a0345fc49e0","06d43b5c1f96cb5ad2eec56dbca54595579d683104e0b2dd7876a724fb15225d","141d04aa78d86c81ca782f9704c6f05d1cb065393a3a6b4f3c014fd318cebd39","ac20c506f695fd414b55b9163edcdc0b026aab47dc5cbf148d623ae8ad26d8be","e1ef46e2f25689069fe05433798db0be8f62ade84416fe96b49cf1f7a0e4846c","aff3449bdc238776f5d6d967f19ec491b36aed5fb7f23ccff6500736fd58494a","bfe106a3fb878dc83461c86818bf74fc1bdc7f28538ba613cd3e775516ce8b49","f058ab08a3305ac7c9c053ce18e89760696920c8e741340a40fa41f30775cadc","b15a15acfd643366904fefddcda88549b9b1c9250ec72c82f1d2bf4a88d68f1f","7cc5bc1e10db2a65c57cb8cfc6525ec21d79ce87afcf1017960bab109829fcae","3ee59515172ee198f3be375979df15ac5345183e656720a381b8872b2a39dc8b","d0d8b83cdcf28acd1e9040708ba7d008a10db53f4eb31864d6f8ef41807bf1ea","71200935eae20d3a9b17e363490c4440677f5221ad872e79f7b565c514cd540a","339c98fa2375083badbab8e25280e5ebcf0c72fba1c076c3eb8b937c41b8e777","46e33d9a7bdfbbbdec43663d5c3d7e3ccbc497aa3ce8ca1d303f5f871d380caf"],"uploadUrl":"https://upload-firebasehosting.googleapis.com/upload/sites/nft-labbaek/versions/150dd2de5d7d92ac/files"}
[debug] [2021-03-25T14:52:32.788Z] >>> [apiv2][query] POST https://upload-firebasehosting.googleapis.com/upload/sites/nft-labbaek/versions/150dd2de5d7d92ac/files/32bc2689ade3546bcbdcf5690c8e54a2963e040c0a968ffb2262fbda258a157f [none]
[debug] [2021-03-25T14:52:32.788Z] >>> [apiv2][body] POST https://upload-firebasehosting.googleapis.com/upload/sites/nft-labbaek/versions/150dd2de5d7d92ac/files/32bc2689ade3546bcbdcf5690c8e54a2963e040c0a968ffb2262fbda258a157f [stream]
[debug] [2021-03-25T14:52:32.790Z] >>> [apiv2][query] POST https://upload-firebasehosting.googleapis.com/upload/sites/nft-labbaek/versions/150dd2de5d7d92ac/files/9193c5b3a9590fa081238a1ac8b671a5d0c27bbaf32121ff9c7ad4c10481f4f3 [none]
[debug] [2021-03-25T14:52:32.791Z] >>> [apiv2][body] POST https://upload-firebasehosting.googleapis.com/upload/sites/nft-labbaek/versions/150dd2de5d7d92ac/files/9193c5b3a9590fa081238a1ac8b671a5d0c27bbaf32121ff9c7ad4c10481f4f3 [stream]
[debug] [2021-03-25T14:52:32.792Z] >>> [apiv2][query] POST https://upload-firebasehosting.googleapis.com/upload/sites/nft-labbaek/versions/150dd2de5d7d92ac/files/184d9818b1269725e0a0ee60b229df0565898be9fc3d28e59365b5c9edd3fe5e [none]
[debug] [2021-03-25T14:52:32.792Z] >>> [apiv2][body] POST https://upload-firebasehosting.googleapis.com/upload/sites/nft-labbaek/versions/150dd2de5d7d92ac/files/184d9818b1269725e0a0ee60b229df0565898be9fc3d28e59365b5c9edd3fe5e [stream]
[debug] [2021-03-25T14:52:32.794Z] >>> [apiv2][query] POST https://upload-firebasehosting.googleapis.com/upload/sites/nft-labbaek/versions/150dd2de5d7d92ac/files/adb5c8b17dfe7137fea6f494b3a151035ddd1305d381dd6a216d61d376c1a3c2 [none]
[debug] [2021-03-25T14:52:32.794Z] >>> [apiv2][body] POST https://upload-firebasehosting.googleapis.com/upload/sites/nft-labbaek/versions/150dd2de5d7d92ac/files/adb5c8b17dfe7137fea6f494b3a151035ddd1305d381dd6a216d61d376c1a3c2 [stream]
[debug] [2021-03-25T14:52:32.795Z] >>> [apiv2][query] POST https://upload-firebasehosting.googleapis.com/upload/sites/nft-labbaek/versions/150dd2de5d7d92ac/files/efa53e8a8c932c4e19a9cac13c34c0954b3d088e1a9473065635d76ac8b82b51 [none]
[debug] [2021-03-25T14:52:32.795Z] >>> [apiv2][body] POST https://upload-firebasehosting.googleapis.com/upload/sites/nft-labbaek/versions/150dd2de5d7d92ac/files/efa53e8a8c932c4e19a9cac13c34c0954b3d088e1a9473065635d76ac8b82b51 [stream]
[debug] [2021-03-25T14:52:32.796Z] >>> [apiv2][query] POST https://upload-firebasehosting.googleapis.com/upload/sites/nft-labbaek/versions/150dd2de5d7d92ac/files/bef7962870ebe963e9789629a10e1621b4741946f968f0366dfbf94e360f86b2 [none]
[debug] [2021-03-25T14:52:32.796Z] >>> [apiv2][body] POST https://upload-firebasehosting.googleapis.com/upload/sites/nft-labbaek/versions/150dd2de5d7d92ac/files/bef7962870ebe963e9789629a10e1621b4741946f968f0366dfbf94e360f86b2 [stream]
[debug] [2021-03-25T14:52:32.797Z] >>> [apiv2][query] POST https://upload-firebasehosting.googleapis.com/upload/sites/nft-labbaek/versions/150dd2de5d7d92ac/files/eae62e993eb980ec8a25058c39d5a51feab118bd2100c4deebb2a9c158ec11f9 [none]
[debug] [2021-03-25T14:52:32.797Z] >>> [apiv2][body] POST https://upload-firebasehosting.googleapis.com/upload/sites/nft-labbaek/versions/150dd2de5d7d92ac/files/eae62e993eb980ec8a25058c39d5a51feab118bd2100c4deebb2a9c158ec11f9 [stream]
[debug] [2021-03-25T14:52:32.798Z] >>> [apiv2][query] POST https://upload-firebasehosting.googleapis.com/upload/sites/nft-labbaek/versions/150dd2de5d7d92ac/files/ee7e2f3fdb8209c4b6fd7bef6ba50d1b9dba30a25bb5c3126df057e1cb6f5331 [none]
[debug] [2021-03-25T14:52:32.799Z] >>> [apiv2][body] POST https://upload-firebasehosting.googleapis.com/upload/sites/nft-labbaek/versions/150dd2de5d7d92ac/files/ee7e2f3fdb8209c4b6fd7bef6ba50d1b9dba30a25bb5c3126df057e1cb6f5331 [stream]
[debug] [2021-03-25T14:52:32.800Z] >>> [apiv2][query] POST https://upload-firebasehosting.googleapis.com/upload/sites/nft-labbaek/versions/150dd2de5d7d92ac/files/2b4c41adbd3270302a375b1ad7df90320c60f6f4f6024922ea8f7a0345fc49e0 [none]
[debug] [2021-03-25T14:52:32.800Z] >>> [apiv2][body] POST https://upload-firebasehosting.googleapis.com/upload/sites/nft-labbaek/versions/150dd2de5d7d92ac/files/2b4c41adbd3270302a375b1ad7df90320c60f6f4f6024922ea8f7a0345fc49e0 [stream]
[debug] [2021-03-25T14:52:32.801Z] >>> [apiv2][query] POST https://upload-firebasehosting.googleapis.com/upload/sites/nft-labbaek/versions/150dd2de5d7d92ac/files/06d43b5c1f96cb5ad2eec56dbca54595579d683104e0b2dd7876a724fb15225d [none]
[debug] [2021-03-25T14:52:32.801Z] >>> [apiv2][body] POST https://upload-firebasehosting.googleapis.com/upload/sites/nft-labbaek/versions/150dd2de5d7d92ac/files/06d43b5c1f96cb5ad2eec56dbca54595579d683104e0b2dd7876a724fb15225d [stream]
[debug] [2021-03-25T14:52:32.802Z] >>> [apiv2][query] POST https://upload-firebasehosting.googleapis.com/upload/sites/nft-labbaek/versions/150dd2de5d7d92ac/files/141d04aa78d86c81ca782f9704c6f05d1cb065393a3a6b4f3c014fd318cebd39 [none]
[debug] [2021-03-25T14:52:32.802Z] >>> [apiv2][body] POST https://upload-firebasehosting.googleapis.com/upload/sites/nft-labbaek/versions/150dd2de5d7d92ac/files/141d04aa78d86c81ca782f9704c6f05d1cb065393a3a6b4f3c014fd318cebd39 [stream]
[debug] [2021-03-25T14:52:32.804Z] >>> [apiv2][query] POST https://upload-firebasehosting.googleapis.com/upload/sites/nft-labbaek/versions/150dd2de5d7d92ac/files/ac20c506f695fd414b55b9163edcdc0b026aab47dc5cbf148d623ae8ad26d8be [none]
[debug] [2021-03-25T14:52:32.804Z] >>> [apiv2][body] POST https://upload-firebasehosting.googleapis.com/upload/sites/nft-labbaek/versions/150dd2de5d7d92ac/files/ac20c506f695fd414b55b9163edcdc0b026aab47dc5cbf148d623ae8ad26d8be [stream]
[debug] [2021-03-25T14:52:32.806Z] >>> [apiv2][query] POST https://upload-firebasehosting.googleapis.com/upload/sites/nft-labbaek/versions/150dd2de5d7d92ac/files/e1ef46e2f25689069fe05433798db0be8f62ade84416fe96b49cf1f7a0e4846c [none]
[debug] [2021-03-25T14:52:32.807Z] >>> [apiv2][body] POST https://upload-firebasehosting.googleapis.com/upload/sites/nft-labbaek/versions/150dd2de5d7d92ac/files/e1ef46e2f25689069fe05433798db0be8f62ade84416fe96b49cf1f7a0e4846c [stream]
[debug] [2021-03-25T14:52:32.808Z] >>> [apiv2][query] POST https://upload-firebasehosting.googleapis.com/upload/sites/nft-labbaek/versions/150dd2de5d7d92ac/files/aff3449bdc238776f5d6d967f19ec491b36aed5fb7f23ccff6500736fd58494a [none]
[debug] [2021-03-25T14:52:32.808Z] >>> [apiv2][body] POST https://upload-firebasehosting.googleapis.com/upload/sites/nft-labbaek/versions/150dd2de5d7d92ac/files/aff3449bdc238776f5d6d967f19ec491b36aed5fb7f23ccff6500736fd58494a [stream]
[debug] [2021-03-25T14:52:32.810Z] >>> [apiv2][query] POST https://upload-firebasehosting.googleapis.com/upload/sites/nft-labbaek/versions/150dd2de5d7d92ac/files/bfe106a3fb878dc83461c86818bf74fc1bdc7f28538ba613cd3e775516ce8b49 [none]
[debug] [2021-03-25T14:52:32.810Z] >>> [apiv2][body] POST https://upload-firebasehosting.googleapis.com/upload/sites/nft-labbaek/versions/150dd2de5d7d92ac/files/bfe106a3fb878dc83461c86818bf74fc1bdc7f28538ba613cd3e775516ce8b49 [stream]
[debug] [2021-03-25T14:52:32.811Z] >>> [apiv2][query] POST https://upload-firebasehosting.googleapis.com/upload/sites/nft-labbaek/versions/150dd2de5d7d92ac/files/f058ab08a3305ac7c9c053ce18e89760696920c8e741340a40fa41f30775cadc [none]
[debug] [2021-03-25T14:52:32.811Z] >>> [apiv2][body] POST https://upload-firebasehosting.googleapis.com/upload/sites/nft-labbaek/versions/150dd2de5d7d92ac/files/f058ab08a3305ac7c9c053ce18e89760696920c8e741340a40fa41f30775cadc [stream]
[debug] [2021-03-25T14:52:32.812Z] >>> [apiv2][query] POST https://upload-firebasehosting.googleapis.com/upload/sites/nft-labbaek/versions/150dd2de5d7d92ac/files/b15a15acfd643366904fefddcda88549b9b1c9250ec72c82f1d2bf4a88d68f1f [none]
[debug] [2021-03-25T14:52:32.812Z] >>> [apiv2][body] POST https://upload-firebasehosting.googleapis.com/upload/sites/nft-labbaek/versions/150dd2de5d7d92ac/files/b15a15acfd643366904fefddcda88549b9b1c9250ec72c82f1d2bf4a88d68f1f [stream]
[debug] [2021-03-25T14:52:32.813Z] >>> [apiv2][query] POST https://upload-firebasehosting.googleapis.com/upload/sites/nft-labbaek/versions/150dd2de5d7d92ac/files/7cc5bc1e10db2a65c57cb8cfc6525ec21d79ce87afcf1017960bab109829fcae [none]
[debug] [2021-03-25T14:52:32.813Z] >>> [apiv2][body] POST https://upload-firebasehosting.googleapis.com/upload/sites/nft-labbaek/versions/150dd2de5d7d92ac/files/7cc5bc1e10db2a65c57cb8cfc6525ec21d79ce87afcf1017960bab109829fcae [stream]
[debug] [2021-03-25T14:52:32.814Z] >>> [apiv2][query] POST https://upload-firebasehosting.googleapis.com/upload/sites/nft-labbaek/versions/150dd2de5d7d92ac/files/3ee59515172ee198f3be375979df15ac5345183e656720a381b8872b2a39dc8b [none]
[debug] [2021-03-25T14:52:32.814Z] >>> [apiv2][body] POST https://upload-firebasehosting.googleapis.com/upload/sites/nft-labbaek/versions/150dd2de5d7d92ac/files/3ee59515172ee198f3be375979df15ac5345183e656720a381b8872b2a39dc8b [stream]
[debug] [2021-03-25T14:52:32.815Z] >>> [apiv2][query] POST https://upload-firebasehosting.googleapis.com/upload/sites/nft-labbaek/versions/150dd2de5d7d92ac/files/d0d8b83cdcf28acd1e9040708ba7d008a10db53f4eb31864d6f8ef41807bf1ea [none]
[debug] [2021-03-25T14:52:32.815Z] >>> [apiv2][body] POST https://upload-firebasehosting.googleapis.com/upload/sites/nft-labbaek/versions/150dd2de5d7d92ac/files/d0d8b83cdcf28acd1e9040708ba7d008a10db53f4eb31864d6f8ef41807bf1ea [stream]
[debug] [2021-03-25T14:52:32.816Z] >>> [apiv2][query] POST https://upload-firebasehosting.googleapis.com/upload/sites/nft-labbaek/versions/150dd2de5d7d92ac/files/71200935eae20d3a9b17e363490c4440677f5221ad872e79f7b565c514cd540a [none]
[debug] [2021-03-25T14:52:32.816Z] >>> [apiv2][body] POST https://upload-firebasehosting.googleapis.com/upload/sites/nft-labbaek/versions/150dd2de5d7d92ac/files/71200935eae20d3a9b17e363490c4440677f5221ad872e79f7b565c514cd540a [stream]
[debug] [2021-03-25T14:52:32.817Z] >>> [apiv2][query] POST https://upload-firebasehosting.googleapis.com/upload/sites/nft-labbaek/versions/150dd2de5d7d92ac/files/339c98fa2375083badbab8e25280e5ebcf0c72fba1c076c3eb8b937c41b8e777 [none]
[debug] [2021-03-25T14:52:32.817Z] >>> [apiv2][body] POST https://upload-firebasehosting.googleapis.com/upload/sites/nft-labbaek/versions/150dd2de5d7d92ac/files/339c98fa2375083badbab8e25280e5ebcf0c72fba1c076c3eb8b937c41b8e777 [stream]
[debug] [2021-03-25T14:52:32.818Z] >>> [apiv2][query] POST https://upload-firebasehosting.googleapis.com/upload/sites/nft-labbaek/versions/150dd2de5d7d92ac/files/46e33d9a7bdfbbbdec43663d5c3d7e3ccbc497aa3ce8ca1d303f5f871d380caf [none]
[debug] [2021-03-25T14:52:32.818Z] >>> [apiv2][body] POST https://upload-firebasehosting.googleapis.com/upload/sites/nft-labbaek/versions/150dd2de5d7d92ac/files/46e33d9a7bdfbbbdec43663d5c3d7e3ccbc497aa3ce8ca1d303f5f871d380caf [stream]
[debug] [2021-03-25T14:52:32.820Z] [hosting][populate queue][FINAL] {"max":2276,"min":2276,"avg":2276,"active":0,"complete":1,"success":1,"errored":0,"retried":0,"total":1,"elapsed":2307}
[debug] [2021-03-25T14:52:32.821Z] [hosting] uploads queued: 23
[debug] [2021-03-25T14:52:36.292Z] <<< [apiv2][status] POST https://upload-firebasehosting.googleapis.com/upload/sites/nft-labbaek/versions/150dd2de5d7d92ac/files/adb5c8b17dfe7137fea6f494b3a151035ddd1305d381dd6a216d61d376c1a3c2 200
[debug] [2021-03-25T14:52:36.292Z] <<< [apiv2][body] POST https://upload-firebasehosting.googleapis.com/upload/sites/nft-labbaek/versions/150dd2de5d7d92ac/files/adb5c8b17dfe7137fea6f494b3a151035ddd1305d381dd6a216d61d376c1a3c2 [stream]
[debug] [2021-03-25T14:52:36.317Z] <<< [apiv2][status] POST https://upload-firebasehosting.googleapis.com/upload/sites/nft-labbaek/versions/150dd2de5d7d92ac/files/f058ab08a3305ac7c9c053ce18e89760696920c8e741340a40fa41f30775cadc 200
[debug] [2021-03-25T14:52:36.317Z] <<< [apiv2][body] POST https://upload-firebasehosting.googleapis.com/upload/sites/nft-labbaek/versions/150dd2de5d7d92ac/files/f058ab08a3305ac7c9c053ce18e89760696920c8e741340a40fa41f30775cadc [stream]
[debug] [2021-03-25T14:52:36.337Z] <<< [apiv2][status] POST https://upload-firebasehosting.googleapis.com/upload/sites/nft-labbaek/versions/150dd2de5d7d92ac/files/e1ef46e2f25689069fe05433798db0be8f62ade84416fe96b49cf1f7a0e4846c 200
[debug] [2021-03-25T14:52:36.337Z] <<< [apiv2][body] POST https://upload-firebasehosting.googleapis.com/upload/sites/nft-labbaek/versions/150dd2de5d7d92ac/files/e1ef46e2f25689069fe05433798db0be8f62ade84416fe96b49cf1f7a0e4846c [stream]
[debug] [2021-03-25T14:52:36.369Z] <<< [apiv2][status] POST https://upload-firebasehosting.googleapis.com/upload/sites/nft-labbaek/versions/150dd2de5d7d92ac/files/184d9818b1269725e0a0ee60b229df0565898be9fc3d28e59365b5c9edd3fe5e 200
[debug] [2021-03-25T14:52:36.370Z] <<< [apiv2][body] POST https://upload-firebasehosting.googleapis.com/upload/sites/nft-labbaek/versions/150dd2de5d7d92ac/files/184d9818b1269725e0a0ee60b229df0565898be9fc3d28e59365b5c9edd3fe5e [stream]
[debug] [2021-03-25T14:52:36.413Z] <<< [apiv2][status] POST https://upload-firebasehosting.googleapis.com/upload/sites/nft-labbaek/versions/150dd2de5d7d92ac/files/32bc2689ade3546bcbdcf5690c8e54a2963e040c0a968ffb2262fbda258a157f 200
[debug] [2021-03-25T14:52:36.413Z] <<< [apiv2][body] POST https://upload-firebasehosting.googleapis.com/upload/sites/nft-labbaek/versions/150dd2de5d7d92ac/files/32bc2689ade3546bcbdcf5690c8e54a2963e040c0a968ffb2262fbda258a157f [stream]
[debug] [2021-03-25T14:52:36.436Z] <<< [apiv2][status] POST https://upload-firebasehosting.googleapis.com/upload/sites/nft-labbaek/versions/150dd2de5d7d92ac/files/ac20c506f695fd414b55b9163edcdc0b026aab47dc5cbf148d623ae8ad26d8be 200
[debug] [2021-03-25T14:52:36.437Z] <<< [apiv2][body] POST https://upload-firebasehosting.googleapis.com/upload/sites/nft-labbaek/versions/150dd2de5d7d92ac/files/ac20c506f695fd414b55b9163edcdc0b026aab47dc5cbf148d623ae8ad26d8be [stream]
[debug] [2021-03-25T14:52:36.464Z] <<< [apiv2][status] POST https://upload-firebasehosting.googleapis.com/upload/sites/nft-labbaek/versions/150dd2de5d7d92ac/files/2b4c41adbd3270302a375b1ad7df90320c60f6f4f6024922ea8f7a0345fc49e0 200
[debug] [2021-03-25T14:52:36.464Z] <<< [apiv2][body] POST https://upload-firebasehosting.googleapis.com/upload/sites/nft-labbaek/versions/150dd2de5d7d92ac/files/2b4c41adbd3270302a375b1ad7df90320c60f6f4f6024922ea8f7a0345fc49e0 [stream]
[debug] [2021-03-25T14:52:36.493Z] <<< [apiv2][status] POST https://upload-firebasehosting.googleapis.com/upload/sites/nft-labbaek/versions/150dd2de5d7d92ac/files/339c98fa2375083badbab8e25280e5ebcf0c72fba1c076c3eb8b937c41b8e777 200
[debug] [2021-03-25T14:52:36.493Z] <<< [apiv2][body] POST https://upload-firebasehosting.googleapis.com/upload/sites/nft-labbaek/versions/150dd2de5d7d92ac/files/339c98fa2375083badbab8e25280e5ebcf0c72fba1c076c3eb8b937c41b8e777 [stream]
[debug] [2021-03-25T14:52:36.520Z] <<< [apiv2][status] POST https://upload-firebasehosting.googleapis.com/upload/sites/nft-labbaek/versions/150dd2de5d7d92ac/files/efa53e8a8c932c4e19a9cac13c34c0954b3d088e1a9473065635d76ac8b82b51 200
[debug] [2021-03-25T14:52:36.520Z] <<< [apiv2][body] POST https://upload-firebasehosting.googleapis.com/upload/sites/nft-labbaek/versions/150dd2de5d7d92ac/files/efa53e8a8c932c4e19a9cac13c34c0954b3d088e1a9473065635d76ac8b82b51 [stream]
[debug] [2021-03-25T14:52:36.539Z] <<< [apiv2][status] POST https://upload-firebasehosting.googleapis.com/upload/sites/nft-labbaek/versions/150dd2de5d7d92ac/files/141d04aa78d86c81ca782f9704c6f05d1cb065393a3a6b4f3c014fd318cebd39 200
[debug] [2021-03-25T14:52:36.539Z] <<< [apiv2][body] POST https://upload-firebasehosting.googleapis.com/upload/sites/nft-labbaek/versions/150dd2de5d7d92ac/files/141d04aa78d86c81ca782f9704c6f05d1cb065393a3a6b4f3c014fd318cebd39 [stream]
[debug] [2021-03-25T14:52:36.709Z] <<< [apiv2][status] POST https://upload-firebasehosting.googleapis.com/upload/sites/nft-labbaek/versions/150dd2de5d7d92ac/files/46e33d9a7bdfbbbdec43663d5c3d7e3ccbc497aa3ce8ca1d303f5f871d380caf 200
[debug] [2021-03-25T14:52:36.710Z] <<< [apiv2][body] POST https://upload-firebasehosting.googleapis.com/upload/sites/nft-labbaek/versions/150dd2de5d7d92ac/files/46e33d9a7bdfbbbdec43663d5c3d7e3ccbc497aa3ce8ca1d303f5f871d380caf [stream]
[debug] [2021-03-25T14:52:36.911Z] <<< [apiv2][status] POST https://upload-firebasehosting.googleapis.com/upload/sites/nft-labbaek/versions/150dd2de5d7d92ac/files/d0d8b83cdcf28acd1e9040708ba7d008a10db53f4eb31864d6f8ef41807bf1ea 200
[debug] [2021-03-25T14:52:36.911Z] <<< [apiv2][body] POST https://upload-firebasehosting.googleapis.com/upload/sites/nft-labbaek/versions/150dd2de5d7d92ac/files/d0d8b83cdcf28acd1e9040708ba7d008a10db53f4eb31864d6f8ef41807bf1ea [stream]
[debug] [2021-03-25T14:52:36.945Z] <<< [apiv2][status] POST https://upload-firebasehosting.googleapis.com/upload/sites/nft-labbaek/versions/150dd2de5d7d92ac/files/bfe106a3fb878dc83461c86818bf74fc1bdc7f28538ba613cd3e775516ce8b49 200
[debug] [2021-03-25T14:52:36.945Z] <<< [apiv2][body] POST https://upload-firebasehosting.googleapis.com/upload/sites/nft-labbaek/versions/150dd2de5d7d92ac/files/bfe106a3fb878dc83461c86818bf74fc1bdc7f28538ba613cd3e775516ce8b49 [stream]
[debug] [2021-03-25T14:52:36.950Z] <<< [apiv2][status] POST https://upload-firebasehosting.googleapis.com/upload/sites/nft-labbaek/versions/150dd2de5d7d92ac/files/06d43b5c1f96cb5ad2eec56dbca54595579d683104e0b2dd7876a724fb15225d 200
[debug] [2021-03-25T14:52:36.950Z] <<< [apiv2][body] POST https://upload-firebasehosting.googleapis.com/upload/sites/nft-labbaek/versions/150dd2de5d7d92ac/files/06d43b5c1f96cb5ad2eec56dbca54595579d683104e0b2dd7876a724fb15225d [stream]
[debug] [2021-03-25T14:52:36.968Z] <<< [apiv2][status] POST https://upload-firebasehosting.googleapis.com/upload/sites/nft-labbaek/versions/150dd2de5d7d92ac/files/9193c5b3a9590fa081238a1ac8b671a5d0c27bbaf32121ff9c7ad4c10481f4f3 200
[debug] [2021-03-25T14:52:36.968Z] <<< [apiv2][body] POST https://upload-firebasehosting.googleapis.com/upload/sites/nft-labbaek/versions/150dd2de5d7d92ac/files/9193c5b3a9590fa081238a1ac8b671a5d0c27bbaf32121ff9c7ad4c10481f4f3 [stream]
[debug] [2021-03-25T14:52:37.141Z] <<< [apiv2][status] POST https://upload-firebasehosting.googleapis.com/upload/sites/nft-labbaek/versions/150dd2de5d7d92ac/files/aff3449bdc238776f5d6d967f19ec491b36aed5fb7f23ccff6500736fd58494a 200
[debug] [2021-03-25T14:52:37.141Z] <<< [apiv2][body] POST https://upload-firebasehosting.googleapis.com/upload/sites/nft-labbaek/versions/150dd2de5d7d92ac/files/aff3449bdc238776f5d6d967f19ec491b36aed5fb7f23ccff6500736fd58494a [stream]
[debug] [2021-03-25T14:52:37.143Z] <<< [apiv2][status] POST https://upload-firebasehosting.googleapis.com/upload/sites/nft-labbaek/versions/150dd2de5d7d92ac/files/ee7e2f3fdb8209c4b6fd7bef6ba50d1b9dba30a25bb5c3126df057e1cb6f5331 200
[debug] [2021-03-25T14:52:37.143Z] <<< [apiv2][body] POST https://upload-firebasehosting.googleapis.com/upload/sites/nft-labbaek/versions/150dd2de5d7d92ac/files/ee7e2f3fdb8209c4b6fd7bef6ba50d1b9dba30a25bb5c3126df057e1cb6f5331 [stream]
[debug] [2021-03-25T14:52:37.168Z] <<< [apiv2][status] POST https://upload-firebasehosting.googleapis.com/upload/sites/nft-labbaek/versions/150dd2de5d7d92ac/files/7cc5bc1e10db2a65c57cb8cfc6525ec21d79ce87afcf1017960bab109829fcae 200
[debug] [2021-03-25T14:52:37.169Z] <<< [apiv2][body] POST https://upload-firebasehosting.googleapis.com/upload/sites/nft-labbaek/versions/150dd2de5d7d92ac/files/7cc5bc1e10db2a65c57cb8cfc6525ec21d79ce87afcf1017960bab109829fcae [stream]
[debug] [2021-03-25T14:52:37.173Z] <<< [apiv2][status] POST https://upload-firebasehosting.googleapis.com/upload/sites/nft-labbaek/versions/150dd2de5d7d92ac/files/3ee59515172ee198f3be375979df15ac5345183e656720a381b8872b2a39dc8b 200
[debug] [2021-03-25T14:52:37.173Z] <<< [apiv2][body] POST https://upload-firebasehosting.googleapis.com/upload/sites/nft-labbaek/versions/150dd2de5d7d92ac/files/3ee59515172ee198f3be375979df15ac5345183e656720a381b8872b2a39dc8b [stream]
[debug] [2021-03-25T14:52:37.187Z] <<< [apiv2][status] POST https://upload-firebasehosting.googleapis.com/upload/sites/nft-labbaek/versions/150dd2de5d7d92ac/files/71200935eae20d3a9b17e363490c4440677f5221ad872e79f7b565c514cd540a 200
[debug] [2021-03-25T14:52:37.187Z] <<< [apiv2][body] POST https://upload-firebasehosting.googleapis.com/upload/sites/nft-labbaek/versions/150dd2de5d7d92ac/files/71200935eae20d3a9b17e363490c4440677f5221ad872e79f7b565c514cd540a [stream]
[debug] [2021-03-25T14:52:37.263Z] <<< [apiv2][status] POST https://upload-firebasehosting.googleapis.com/upload/sites/nft-labbaek/versions/150dd2de5d7d92ac/files/b15a15acfd643366904fefddcda88549b9b1c9250ec72c82f1d2bf4a88d68f1f 200
[debug] [2021-03-25T14:52:37.263Z] <<< [apiv2][body] POST https://upload-firebasehosting.googleapis.com/upload/sites/nft-labbaek/versions/150dd2de5d7d92ac/files/b15a15acfd643366904fefddcda88549b9b1c9250ec72c82f1d2bf4a88d68f1f [stream]
[debug] [2021-03-25T14:52:37.469Z] <<< [apiv2][status] POST https://upload-firebasehosting.googleapis.com/upload/sites/nft-labbaek/versions/150dd2de5d7d92ac/files/eae62e993eb980ec8a25058c39d5a51feab118bd2100c4deebb2a9c158ec11f9 200
[debug] [2021-03-25T14:52:37.469Z] <<< [apiv2][body] POST https://upload-firebasehosting.googleapis.com/upload/sites/nft-labbaek/versions/150dd2de5d7d92ac/files/eae62e993eb980ec8a25058c39d5a51feab118bd2100c4deebb2a9c158ec11f9 [stream]
[debug] [2021-03-25T14:52:37.552Z] <<< [apiv2][status] POST https://upload-firebasehosting.googleapis.com/upload/sites/nft-labbaek/versions/150dd2de5d7d92ac/files/bef7962870ebe963e9789629a10e1621b4741946f968f0366dfbf94e360f86b2 200
[debug] [2021-03-25T14:52:37.552Z] <<< [apiv2][body] POST https://upload-firebasehosting.googleapis.com/upload/sites/nft-labbaek/versions/150dd2de5d7d92ac/files/bef7962870ebe963e9789629a10e1621b4741946f968f0366dfbf94e360f86b2 [stream]
[debug] [2021-03-25T14:52:37.553Z] [hosting][upload queue][FINAL] {"max":4773,"min":3515,"avg":4035.0434782608695,"active":0,"complete":23,"success":23,"errored":0,"retried":0,"total":23,"elapsed":4778}
[info] +  hosting[nft-labbaek]: file upload complete 
[debug] [2021-03-25T14:52:37.554Z] [hosting] deploy completed after 7318ms
[debug] [2021-03-25T14:52:37.930Z] [
  {
    "config": {
      "public": "build",
      "ignore": [
        "firebase.json",
        "**/.*",
        "**/node_modules/**"
      ],
      "rewrites": [
        {
          "source": "**",
          "destination": "/index.html"
        }
      ],
      "site": "nft-labbaek"
    },
    "site": "nft-labbaek",
    "version": "sites/nft-labbaek/versions/150dd2de5d7d92ac"
  }
]
[info] i  hosting[nft-labbaek]: finalizing version... 
[debug] [2021-03-25T14:52:37.932Z] > refreshing access token with scopes: ["email","https://www.googleapis.com/auth/cloud-platform","https://www.googleapis.com/auth/cloudplatformprojects.readonly","https://www.googleapis.com/auth/firebase","openid"]
[debug] [2021-03-25T14:52:37.933Z] >>> HTTP REQUEST POST https://www.googleapis.com/oauth2/v3/token  
 <request body omitted>
[debug] [2021-03-25T14:52:39.099Z] <<< HTTP RESPONSE 200 {"expires":"Mon, 01 Jan 1990 00:00:00 GMT","date":"Thu, 25 Mar 2021 14:52:38 GMT","pragma":"no-cache","cache-control":"no-cache, no-store, max-age=0, must-revalidate","content-type":"application/json; charset=utf-8","vary":"X-Origin, Referer, Origin,Accept-Encoding","server":"scaffolding on HTTPServer2","x-xss-protection":"0","x-frame-options":"SAMEORIGIN","x-content-type-options":"nosniff","alt-svc":"h3-29=\":443\"; ma=2592000,h3-T051=\":443\"; ma=2592000,h3-Q050=\":443\"; ma=2592000,h3-Q046=\":443\"; ma=2592000,h3-Q043=\":443\"; ma=2592000,quic=\":443\"; ma=2592000; v=\"46,43\"","accept-ranges":"none","transfer-encoding":"chunked"}
[debug] [2021-03-25T14:52:39.154Z] >>> HTTP REQUEST PATCH https://firebasehosting.googleapis.com/v1beta1/sites/nft-labbaek/versions/150dd2de5d7d92ac?updateMask=status  
 {"status":"FINALIZED"}
[debug] [2021-03-25T14:52:40.959Z] <<< HTTP RESPONSE 200 {"content-type":"application/json; charset=UTF-8","vary":"X-Origin, Referer, Origin,Accept-Encoding","date":"Thu, 25 Mar 2021 14:52:41 GMT","server":"ESF","cache-control":"private","x-xss-protection":"0","x-frame-options":"SAMEORIGIN","x-content-type-options":"nosniff","alt-svc":"h3-29=\":443\"; ma=2592000,h3-T051=\":443\"; ma=2592000,h3-Q050=\":443\"; ma=2592000,h3-Q046=\":443\"; ma=2592000,h3-Q043=\":443\"; ma=2592000,quic=\":443\"; ma=2592000; v=\"46,43\"","accept-ranges":"none","transfer-encoding":"chunked"}
[debug] [2021-03-25T14:52:40.960Z] [hosting] finalized version for nft-labbaek: {"name":"sites/nft-labbaek/versions/150dd2de5d7d92ac","status":"FINALIZED","config":{"rewrites":[{"glob":"**","path":"/index.html"}]},"labels":{"deployment-tool":"cli-firebase"},"createTime":"2021-03-25T14:52:30.352358Z","createUser":{"email":"labbaekratzz@gmail.com"},"finalizeTime":"2021-03-25T14:52:41.556699Z","finalizeUser":{"email":"labbaekratzz@gmail.com"}}
[info] +  hosting[nft-labbaek]: version finalized 
[info] i  hosting[nft-labbaek]: releasing new version... 
[debug] [2021-03-25T14:52:40.962Z] >>> HTTP REQUEST POST https://firebasehosting.googleapis.com/v1beta1/sites/nft-labbaek/releases?version_name=sites/nft-labbaek/versions/150dd2de5d7d92ac  
 {"message":null}
[debug] [2021-03-25T14:52:42.709Z] <<< HTTP RESPONSE 200 {"content-type":"application/json; charset=UTF-8","vary":"X-Origin, Referer, Origin,Accept-Encoding","date":"Thu, 25 Mar 2021 14:52:43 GMT","server":"ESF","cache-control":"private","x-xss-protection":"0","x-frame-options":"SAMEORIGIN","x-content-type-options":"nosniff","alt-svc":"h3-29=\":443\"; ma=2592000,h3-T051=\":443\"; ma=2592000,h3-Q050=\":443\"; ma=2592000,h3-Q046=\":443\"; ma=2592000,h3-Q043=\":443\"; ma=2592000,quic=\":443\"; ma=2592000; v=\"46,43\"","accept-ranges":"none","transfer-encoding":"chunked"}
[debug] [2021-03-25T14:52:42.709Z] [hosting] release: {"name":"sites/nft-labbaek/releases/1616683962773643","version":{"name":"sites/nft-labbaek/versions/150dd2de5d7d92ac","status":"FINALIZED","config":{"rewrites":[{"glob":"**","path":"/index.html"}]},"labels":{"deployment-tool":"cli-firebase"},"createTime":"2021-03-25T14:52:30.352358Z","createUser":{"email":"labbaekratzz@gmail.com"},"finalizeTime":"2021-03-25T14:52:41.556699Z","finalizeUser":{"email":"labbaekratzz@gmail.com"},"preview":{}},"type":"DEPLOY","releaseTime":"2021-03-25T14:52:42.773643397Z","releaseUser":{"email":"labbaekratzz@gmail.com"}}
[info] +  hosting[nft-labbaek]: release complete 
[info] 
[info] +  Deploy complete! 
[info] 
[info] Project Console: https://console.firebase.google.com/project/nft-labbaek/overview
[info] Hosting URL: https://nft-labbaek.web.app
